[2025-10-01 19:19:40] production.INFO: Detected N+1 Query  
[2025-10-01 19:19:40] production.INFO: Model: App\Models\Organization
Relation: App\Models\User
Num-Called: 2
Call-Stack:
#14 /vendor/laravel/framework/src/Illuminate/Support/Traits/ForwardsCalls.php:23
#15 /vendor/laravel/framework/src/Illuminate/Support/Traits/ForwardsCalls.php:52
#17 /storage/framework/views/b02e08a3b8cb98d0d60cc39df489feba.php:61
#19 /vendor/laravel/framework/src/Illuminate/Filesystem/Filesystem.php:124
#20 /vendor/laravel/framework/src/Illuminate/View/Engines/PhpEngine.php:58
#21 /vendor/laravel/framework/src/Illuminate/View/Engines/CompilerEngine.php:72
#22 /vendor/laravel/framework/src/Illuminate/View/View.php:207
#23 /vendor/laravel/framework/src/Illuminate/View/View.php:190
#24 /vendor/laravel/framework/src/Illuminate/View/View.php:159
#25 /vendor/laravel/framework/src/Illuminate/Http/Response.php:69
#26 /vendor/laravel/framework/src/Illuminate/Http/Response.php:35
#27 /vendor/laravel/framework/src/Illuminate/Routing/Router.php:918
#28 /vendor/laravel/framework/src/Illuminate/Routing/Router.php:885
#29 /vendor/laravel/framework/src/Illuminate/Routing/Router.php:805
#30 /vendor/laravel/framework/src/Illuminate/Pipeline/Pipeline.php:144
#31 /app/Http/Middleware/RedirectIfNotAdmin.php:22
#32 /vendor/laravel/framework/src/Illuminate/Pipeline/Pipeline.php:183
#33 /app/Http/Middleware/LanguageMiddleware.php:21
#34 /vendor/laravel/framework/src/Illuminate/Pipeline/Pipeline.php:183
#35 /vendor/laravel/framework/src/Illuminate/Routing/Middleware/SubstituteBindings.php:50
#36 /vendor/laravel/framework/src/Illuminate/Pipeline/Pipeline.php:183
#37 /vendor/laravel/framework/src/Illuminate/Foundation/Http/Middleware/VerifyCsrfToken.php:78
#38 /vendor/laravel/framework/src/Illuminate/Pipeline/Pipeline.php:183
#39 /vendor/laravel/framework/src/Illuminate/View/Middleware/ShareErrorsFromSession.php:49
#40 /vendor/laravel/framework/src/Illuminate/Pipeline/Pipeline.php:183
#41 /vendor/laravel/framework/src/Illuminate/Session/Middleware/StartSession.php:121
#42 /vendor/laravel/framework/src/Illuminate/Session/Middleware/StartSession.php:64
#43 /vendor/laravel/framework/src/Illuminate/Pipeline/Pipeline.php:183
#44 /vendor/laravel/framework/src/Illuminate/Cookie/Middleware/AddQueuedCookiesToResponse.php:37
#45 /vendor/laravel/framework/src/Illuminate/Pipeline/Pipeline.php:183
#46 /vendor/laravel/framework/src/Illuminate/Cookie/Middleware/EncryptCookies.php:67
#47 /vendor/laravel/framework/src/Illuminate/Pipeline/Pipeline.php:183
#48 /vendor/laravel/framework/src/Illuminate/Pipeline/Pipeline.php:119
#49 /vendor/laravel/framework/src/Illuminate/Routing/Router.php:805
  
[2025-10-01 19:31:47] production.INFO: Detected N+1 Query  
[2025-10-01 19:31:47] production.INFO: Model: App\Models\Organization
Relation: App\Models\User
Num-Called: 2
Call-Stack:
#14 /vendor/laravel/framework/src/Illuminate/Support/Traits/ForwardsCalls.php:23
#15 /vendor/laravel/framework/src/Illuminate/Support/Traits/ForwardsCalls.php:52
#17 /storage/framework/views/b02e08a3b8cb98d0d60cc39df489feba.php:61
#19 /vendor/laravel/framework/src/Illuminate/Filesystem/Filesystem.php:124
#20 /vendor/laravel/framework/src/Illuminate/View/Engines/PhpEngine.php:58
#21 /vendor/laravel/framework/src/Illuminate/View/Engines/CompilerEngine.php:72
#22 /vendor/laravel/framework/src/Illuminate/View/View.php:207
#23 /vendor/laravel/framework/src/Illuminate/View/View.php:190
#24 /vendor/laravel/framework/src/Illuminate/View/View.php:159
#25 /vendor/laravel/framework/src/Illuminate/Http/Response.php:69
#26 /vendor/laravel/framework/src/Illuminate/Http/Response.php:35
#27 /vendor/laravel/framework/src/Illuminate/Routing/Router.php:918
#28 /vendor/laravel/framework/src/Illuminate/Routing/Router.php:885
#29 /vendor/laravel/framework/src/Illuminate/Routing/Router.php:805
#30 /vendor/laravel/framework/src/Illuminate/Pipeline/Pipeline.php:144
#31 /app/Http/Middleware/RedirectIfNotAdmin.php:22
#32 /vendor/laravel/framework/src/Illuminate/Pipeline/Pipeline.php:183
#33 /app/Http/Middleware/LanguageMiddleware.php:21
#34 /vendor/laravel/framework/src/Illuminate/Pipeline/Pipeline.php:183
#35 /vendor/laravel/framework/src/Illuminate/Routing/Middleware/SubstituteBindings.php:50
#36 /vendor/laravel/framework/src/Illuminate/Pipeline/Pipeline.php:183
#37 /vendor/laravel/framework/src/Illuminate/Foundation/Http/Middleware/VerifyCsrfToken.php:78
#38 /vendor/laravel/framework/src/Illuminate/Pipeline/Pipeline.php:183
#39 /vendor/laravel/framework/src/Illuminate/View/Middleware/ShareErrorsFromSession.php:49
#40 /vendor/laravel/framework/src/Illuminate/Pipeline/Pipeline.php:183
#41 /vendor/laravel/framework/src/Illuminate/Session/Middleware/StartSession.php:121
#42 /vendor/laravel/framework/src/Illuminate/Session/Middleware/StartSession.php:64
#43 /vendor/laravel/framework/src/Illuminate/Pipeline/Pipeline.php:183
#44 /vendor/laravel/framework/src/Illuminate/Cookie/Middleware/AddQueuedCookiesToResponse.php:37
#45 /vendor/laravel/framework/src/Illuminate/Pipeline/Pipeline.php:183
#46 /vendor/laravel/framework/src/Illuminate/Cookie/Middleware/EncryptCookies.php:67
#47 /vendor/laravel/framework/src/Illuminate/Pipeline/Pipeline.php:183
#48 /vendor/laravel/framework/src/Illuminate/Pipeline/Pipeline.php:119
#49 /vendor/laravel/framework/src/Illuminate/Routing/Router.php:805
  
[2025-10-01 19:38:03] production.INFO: Detected N+1 Query  
[2025-10-01 19:38:03] production.INFO: Model: App\Models\Organization
Relation: App\Models\User
Num-Called: 4
Call-Stack:
#14 /vendor/laravel/framework/src/Illuminate/Support/Traits/ForwardsCalls.php:23
#15 /vendor/laravel/framework/src/Illuminate/Support/Traits/ForwardsCalls.php:52
#17 /storage/framework/views/b02e08a3b8cb98d0d60cc39df489feba.php:61
#19 /vendor/laravel/framework/src/Illuminate/Filesystem/Filesystem.php:124
#20 /vendor/laravel/framework/src/Illuminate/View/Engines/PhpEngine.php:58
#21 /vendor/laravel/framework/src/Illuminate/View/Engines/CompilerEngine.php:72
#22 /vendor/laravel/framework/src/Illuminate/View/View.php:207
#23 /vendor/laravel/framework/src/Illuminate/View/View.php:190
#24 /vendor/laravel/framework/src/Illuminate/View/View.php:159
#25 /vendor/laravel/framework/src/Illuminate/Http/Response.php:69
#26 /vendor/laravel/framework/src/Illuminate/Http/Response.php:35
#27 /vendor/laravel/framework/src/Illuminate/Routing/Router.php:918
#28 /vendor/laravel/framework/src/Illuminate/Routing/Router.php:885
#29 /vendor/laravel/framework/src/Illuminate/Routing/Router.php:805
#30 /vendor/laravel/framework/src/Illuminate/Pipeline/Pipeline.php:144
#31 /app/Http/Middleware/RedirectIfNotAdmin.php:22
#32 /vendor/laravel/framework/src/Illuminate/Pipeline/Pipeline.php:183
#33 /app/Http/Middleware/LanguageMiddleware.php:21
#34 /vendor/laravel/framework/src/Illuminate/Pipeline/Pipeline.php:183
#35 /vendor/laravel/framework/src/Illuminate/Routing/Middleware/SubstituteBindings.php:50
#36 /vendor/laravel/framework/src/Illuminate/Pipeline/Pipeline.php:183
#37 /vendor/laravel/framework/src/Illuminate/Foundation/Http/Middleware/VerifyCsrfToken.php:78
#38 /vendor/laravel/framework/src/Illuminate/Pipeline/Pipeline.php:183
#39 /vendor/laravel/framework/src/Illuminate/View/Middleware/ShareErrorsFromSession.php:49
#40 /vendor/laravel/framework/src/Illuminate/Pipeline/Pipeline.php:183
#41 /vendor/laravel/framework/src/Illuminate/Session/Middleware/StartSession.php:121
#42 /vendor/laravel/framework/src/Illuminate/Session/Middleware/StartSession.php:64
#43 /vendor/laravel/framework/src/Illuminate/Pipeline/Pipeline.php:183
#44 /vendor/laravel/framework/src/Illuminate/Cookie/Middleware/AddQueuedCookiesToResponse.php:37
#45 /vendor/laravel/framework/src/Illuminate/Pipeline/Pipeline.php:183
#46 /vendor/laravel/framework/src/Illuminate/Cookie/Middleware/EncryptCookies.php:67
#47 /vendor/laravel/framework/src/Illuminate/Pipeline/Pipeline.php:183
#48 /vendor/laravel/framework/src/Illuminate/Pipeline/Pipeline.php:119
#49 /vendor/laravel/framework/src/Illuminate/Routing/Router.php:805
  
[2025-10-01 19:38:03] production.INFO: Model: App\Models\Organization
Relation: App\Models\User
Num-Called: 2
Call-Stack:
#14 /vendor/laravel/framework/src/Illuminate/Support/Traits/ForwardsCalls.php:23
#15 /vendor/laravel/framework/src/Illuminate/Support/Traits/ForwardsCalls.php:52
#17 /storage/framework/views/b02e08a3b8cb98d0d60cc39df489feba.php:38
#19 /vendor/laravel/framework/src/Illuminate/Filesystem/Filesystem.php:124
#20 /vendor/laravel/framework/src/Illuminate/View/Engines/PhpEngine.php:58
#21 /vendor/laravel/framework/src/Illuminate/View/Engines/CompilerEngine.php:72
#22 /vendor/laravel/framework/src/Illuminate/View/View.php:207
#23 /vendor/laravel/framework/src/Illuminate/View/View.php:190
#24 /vendor/laravel/framework/src/Illuminate/View/View.php:159
#25 /vendor/laravel/framework/src/Illuminate/Http/Response.php:69
#26 /vendor/laravel/framework/src/Illuminate/Http/Response.php:35
#27 /vendor/laravel/framework/src/Illuminate/Routing/Router.php:918
#28 /vendor/laravel/framework/src/Illuminate/Routing/Router.php:885
#29 /vendor/laravel/framework/src/Illuminate/Routing/Router.php:805
#30 /vendor/laravel/framework/src/Illuminate/Pipeline/Pipeline.php:144
#31 /app/Http/Middleware/RedirectIfNotAdmin.php:22
#32 /vendor/laravel/framework/src/Illuminate/Pipeline/Pipeline.php:183
#33 /app/Http/Middleware/LanguageMiddleware.php:21
#34 /vendor/laravel/framework/src/Illuminate/Pipeline/Pipeline.php:183
#35 /vendor/laravel/framework/src/Illuminate/Routing/Middleware/SubstituteBindings.php:50
#36 /vendor/laravel/framework/src/Illuminate/Pipeline/Pipeline.php:183
#37 /vendor/laravel/framework/src/Illuminate/Foundation/Http/Middleware/VerifyCsrfToken.php:78
#38 /vendor/laravel/framework/src/Illuminate/Pipeline/Pipeline.php:183
#39 /vendor/laravel/framework/src/Illuminate/View/Middleware/ShareErrorsFromSession.php:49
#40 /vendor/laravel/framework/src/Illuminate/Pipeline/Pipeline.php:183
#41 /vendor/laravel/framework/src/Illuminate/Session/Middleware/StartSession.php:121
#42 /vendor/laravel/framework/src/Illuminate/Session/Middleware/StartSession.php:64
#43 /vendor/laravel/framework/src/Illuminate/Pipeline/Pipeline.php:183
#44 /vendor/laravel/framework/src/Illuminate/Cookie/Middleware/AddQueuedCookiesToResponse.php:37
#45 /vendor/laravel/framework/src/Illuminate/Pipeline/Pipeline.php:183
#46 /vendor/laravel/framework/src/Illuminate/Cookie/Middleware/EncryptCookies.php:67
#47 /vendor/laravel/framework/src/Illuminate/Pipeline/Pipeline.php:183
#48 /vendor/laravel/framework/src/Illuminate/Pipeline/Pipeline.php:119
#49 /vendor/laravel/framework/src/Illuminate/Routing/Router.php:805
  
[2025-10-01 19:38:03] production.INFO: Model: App\Models\Organization
Relation: App\Models\Course
Num-Called: 2
Call-Stack:
#14 /vendor/laravel/framework/src/Illuminate/Support/Traits/ForwardsCalls.php:23
#15 /vendor/laravel/framework/src/Illuminate/Support/Traits/ForwardsCalls.php:52
#17 /storage/framework/views/b02e08a3b8cb98d0d60cc39df489feba.php:41
#19 /vendor/laravel/framework/src/Illuminate/Filesystem/Filesystem.php:124
#20 /vendor/laravel/framework/src/Illuminate/View/Engines/PhpEngine.php:58
#21 /vendor/laravel/framework/src/Illuminate/View/Engines/CompilerEngine.php:72
#22 /vendor/laravel/framework/src/Illuminate/View/View.php:207
#23 /vendor/laravel/framework/src/Illuminate/View/View.php:190
#24 /vendor/laravel/framework/src/Illuminate/View/View.php:159
#25 /vendor/laravel/framework/src/Illuminate/Http/Response.php:69
#26 /vendor/laravel/framework/src/Illuminate/Http/Response.php:35
#27 /vendor/laravel/framework/src/Illuminate/Routing/Router.php:918
#28 /vendor/laravel/framework/src/Illuminate/Routing/Router.php:885
#29 /vendor/laravel/framework/src/Illuminate/Routing/Router.php:805
#30 /vendor/laravel/framework/src/Illuminate/Pipeline/Pipeline.php:144
#31 /app/Http/Middleware/RedirectIfNotAdmin.php:22
#32 /vendor/laravel/framework/src/Illuminate/Pipeline/Pipeline.php:183
#33 /app/Http/Middleware/LanguageMiddleware.php:21
#34 /vendor/laravel/framework/src/Illuminate/Pipeline/Pipeline.php:183
#35 /vendor/laravel/framework/src/Illuminate/Routing/Middleware/SubstituteBindings.php:50
#36 /vendor/laravel/framework/src/Illuminate/Pipeline/Pipeline.php:183
#37 /vendor/laravel/framework/src/Illuminate/Foundation/Http/Middleware/VerifyCsrfToken.php:78
#38 /vendor/laravel/framework/src/Illuminate/Pipeline/Pipeline.php:183
#39 /vendor/laravel/framework/src/Illuminate/View/Middleware/ShareErrorsFromSession.php:49
#40 /vendor/laravel/framework/src/Illuminate/Pipeline/Pipeline.php:183
#41 /vendor/laravel/framework/src/Illuminate/Session/Middleware/StartSession.php:121
#42 /vendor/laravel/framework/src/Illuminate/Session/Middleware/StartSession.php:64
#43 /vendor/laravel/framework/src/Illuminate/Pipeline/Pipeline.php:183
#44 /vendor/laravel/framework/src/Illuminate/Cookie/Middleware/AddQueuedCookiesToResponse.php:37
#45 /vendor/laravel/framework/src/Illuminate/Pipeline/Pipeline.php:183
#46 /vendor/laravel/framework/src/Illuminate/Cookie/Middleware/EncryptCookies.php:67
#47 /vendor/laravel/framework/src/Illuminate/Pipeline/Pipeline.php:183
#48 /vendor/laravel/framework/src/Illuminate/Pipeline/Pipeline.php:119
#49 /vendor/laravel/framework/src/Illuminate/Routing/Router.php:805
  
[2025-10-01 19:38:03] production.INFO: Model: App\Models\Organization
Relation: App\Models\Course
Num-Called: 2
Call-Stack:
#14 /vendor/laravel/framework/src/Illuminate/Support/Traits/ForwardsCalls.php:23
#15 /vendor/laravel/framework/src/Illuminate/Support/Traits/ForwardsCalls.php:52
#17 /storage/framework/views/b02e08a3b8cb98d0d60cc39df489feba.php:42
#19 /vendor/laravel/framework/src/Illuminate/Filesystem/Filesystem.php:124
#20 /vendor/laravel/framework/src/Illuminate/View/Engines/PhpEngine.php:58
#21 /vendor/laravel/framework/src/Illuminate/View/Engines/CompilerEngine.php:72
#22 /vendor/laravel/framework/src/Illuminate/View/View.php:207
#23 /vendor/laravel/framework/src/Illuminate/View/View.php:190
#24 /vendor/laravel/framework/src/Illuminate/View/View.php:159
#25 /vendor/laravel/framework/src/Illuminate/Http/Response.php:69
#26 /vendor/laravel/framework/src/Illuminate/Http/Response.php:35
#27 /vendor/laravel/framework/src/Illuminate/Routing/Router.php:918
#28 /vendor/laravel/framework/src/Illuminate/Routing/Router.php:885
#29 /vendor/laravel/framework/src/Illuminate/Routing/Router.php:805
#30 /vendor/laravel/framework/src/Illuminate/Pipeline/Pipeline.php:144
#31 /app/Http/Middleware/RedirectIfNotAdmin.php:22
#32 /vendor/laravel/framework/src/Illuminate/Pipeline/Pipeline.php:183
#33 /app/Http/Middleware/LanguageMiddleware.php:21
#34 /vendor/laravel/framework/src/Illuminate/Pipeline/Pipeline.php:183
#35 /vendor/laravel/framework/src/Illuminate/Routing/Middleware/SubstituteBindings.php:50
#36 /vendor/laravel/framework/src/Illuminate/Pipeline/Pipeline.php:183
#37 /vendor/laravel/framework/src/Illuminate/Foundation/Http/Middleware/VerifyCsrfToken.php:78
#38 /vendor/laravel/framework/src/Illuminate/Pipeline/Pipeline.php:183
#39 /vendor/laravel/framework/src/Illuminate/View/Middleware/ShareErrorsFromSession.php:49
#40 /vendor/laravel/framework/src/Illuminate/Pipeline/Pipeline.php:183
#41 /vendor/laravel/framework/src/Illuminate/Session/Middleware/StartSession.php:121
#42 /vendor/laravel/framework/src/Illuminate/Session/Middleware/StartSession.php:64
#43 /vendor/laravel/framework/src/Illuminate/Pipeline/Pipeline.php:183
#44 /vendor/laravel/framework/src/Illuminate/Cookie/Middleware/AddQueuedCookiesToResponse.php:37
#45 /vendor/laravel/framework/src/Illuminate/Pipeline/Pipeline.php:183
#46 /vendor/laravel/framework/src/Illuminate/Cookie/Middleware/EncryptCookies.php:67
#47 /vendor/laravel/framework/src/Illuminate/Pipeline/Pipeline.php:183
#48 /vendor/laravel/framework/src/Illuminate/Pipeline/Pipeline.php:119
#49 /vendor/laravel/framework/src/Illuminate/Routing/Router.php:805
  
[2025-10-01 20:00:03] production.INFO: Detected N+1 Query  
[2025-10-01 20:00:03] production.INFO: Model: App\Models\Organization
Relation: App\Models\User
Num-Called: 4
Call-Stack:
#14 /vendor/laravel/framework/src/Illuminate/Support/Traits/ForwardsCalls.php:23
#15 /vendor/laravel/framework/src/Illuminate/Support/Traits/ForwardsCalls.php:52
#17 /storage/framework/views/b02e08a3b8cb98d0d60cc39df489feba.php:61
#19 /vendor/laravel/framework/src/Illuminate/Filesystem/Filesystem.php:124
#20 /vendor/laravel/framework/src/Illuminate/View/Engines/PhpEngine.php:58
#21 /vendor/laravel/framework/src/Illuminate/View/Engines/CompilerEngine.php:72
#22 /vendor/laravel/framework/src/Illuminate/View/View.php:207
#23 /vendor/laravel/framework/src/Illuminate/View/View.php:190
#24 /vendor/laravel/framework/src/Illuminate/View/View.php:159
#25 /vendor/laravel/framework/src/Illuminate/Http/Response.php:69
#26 /vendor/laravel/framework/src/Illuminate/Http/Response.php:35
#27 /vendor/laravel/framework/src/Illuminate/Routing/Router.php:918
#28 /vendor/laravel/framework/src/Illuminate/Routing/Router.php:885
#29 /vendor/laravel/framework/src/Illuminate/Routing/Router.php:805
#30 /vendor/laravel/framework/src/Illuminate/Pipeline/Pipeline.php:144
#31 /app/Http/Middleware/RedirectIfNotAdmin.php:22
#32 /vendor/laravel/framework/src/Illuminate/Pipeline/Pipeline.php:183
#33 /app/Http/Middleware/LanguageMiddleware.php:21
#34 /vendor/laravel/framework/src/Illuminate/Pipeline/Pipeline.php:183
#35 /vendor/laravel/framework/src/Illuminate/Routing/Middleware/SubstituteBindings.php:50
#36 /vendor/laravel/framework/src/Illuminate/Pipeline/Pipeline.php:183
#37 /vendor/laravel/framework/src/Illuminate/Foundation/Http/Middleware/VerifyCsrfToken.php:78
#38 /vendor/laravel/framework/src/Illuminate/Pipeline/Pipeline.php:183
#39 /vendor/laravel/framework/src/Illuminate/View/Middleware/ShareErrorsFromSession.php:49
#40 /vendor/laravel/framework/src/Illuminate/Pipeline/Pipeline.php:183
#41 /vendor/laravel/framework/src/Illuminate/Session/Middleware/StartSession.php:121
#42 /vendor/laravel/framework/src/Illuminate/Session/Middleware/StartSession.php:64
#43 /vendor/laravel/framework/src/Illuminate/Pipeline/Pipeline.php:183
#44 /vendor/laravel/framework/src/Illuminate/Cookie/Middleware/AddQueuedCookiesToResponse.php:37
#45 /vendor/laravel/framework/src/Illuminate/Pipeline/Pipeline.php:183
#46 /vendor/laravel/framework/src/Illuminate/Cookie/Middleware/EncryptCookies.php:67
#47 /vendor/laravel/framework/src/Illuminate/Pipeline/Pipeline.php:183
#48 /vendor/laravel/framework/src/Illuminate/Pipeline/Pipeline.php:119
#49 /vendor/laravel/framework/src/Illuminate/Routing/Router.php:805
  
[2025-10-01 20:00:03] production.INFO: Model: App\Models\Organization
Relation: App\Models\User
Num-Called: 2
Call-Stack:
#14 /vendor/laravel/framework/src/Illuminate/Support/Traits/ForwardsCalls.php:23
#15 /vendor/laravel/framework/src/Illuminate/Support/Traits/ForwardsCalls.php:52
#17 /storage/framework/views/b02e08a3b8cb98d0d60cc39df489feba.php:38
#19 /vendor/laravel/framework/src/Illuminate/Filesystem/Filesystem.php:124
#20 /vendor/laravel/framework/src/Illuminate/View/Engines/PhpEngine.php:58
#21 /vendor/laravel/framework/src/Illuminate/View/Engines/CompilerEngine.php:72
#22 /vendor/laravel/framework/src/Illuminate/View/View.php:207
#23 /vendor/laravel/framework/src/Illuminate/View/View.php:190
#24 /vendor/laravel/framework/src/Illuminate/View/View.php:159
#25 /vendor/laravel/framework/src/Illuminate/Http/Response.php:69
#26 /vendor/laravel/framework/src/Illuminate/Http/Response.php:35
#27 /vendor/laravel/framework/src/Illuminate/Routing/Router.php:918
#28 /vendor/laravel/framework/src/Illuminate/Routing/Router.php:885
#29 /vendor/laravel/framework/src/Illuminate/Routing/Router.php:805
#30 /vendor/laravel/framework/src/Illuminate/Pipeline/Pipeline.php:144
#31 /app/Http/Middleware/RedirectIfNotAdmin.php:22
#32 /vendor/laravel/framework/src/Illuminate/Pipeline/Pipeline.php:183
#33 /app/Http/Middleware/LanguageMiddleware.php:21
#34 /vendor/laravel/framework/src/Illuminate/Pipeline/Pipeline.php:183
#35 /vendor/laravel/framework/src/Illuminate/Routing/Middleware/SubstituteBindings.php:50
#36 /vendor/laravel/framework/src/Illuminate/Pipeline/Pipeline.php:183
#37 /vendor/laravel/framework/src/Illuminate/Foundation/Http/Middleware/VerifyCsrfToken.php:78
#38 /vendor/laravel/framework/src/Illuminate/Pipeline/Pipeline.php:183
#39 /vendor/laravel/framework/src/Illuminate/View/Middleware/ShareErrorsFromSession.php:49
#40 /vendor/laravel/framework/src/Illuminate/Pipeline/Pipeline.php:183
#41 /vendor/laravel/framework/src/Illuminate/Session/Middleware/StartSession.php:121
#42 /vendor/laravel/framework/src/Illuminate/Session/Middleware/StartSession.php:64
#43 /vendor/laravel/framework/src/Illuminate/Pipeline/Pipeline.php:183
#44 /vendor/laravel/framework/src/Illuminate/Cookie/Middleware/AddQueuedCookiesToResponse.php:37
#45 /vendor/laravel/framework/src/Illuminate/Pipeline/Pipeline.php:183
#46 /vendor/laravel/framework/src/Illuminate/Cookie/Middleware/EncryptCookies.php:67
#47 /vendor/laravel/framework/src/Illuminate/Pipeline/Pipeline.php:183
#48 /vendor/laravel/framework/src/Illuminate/Pipeline/Pipeline.php:119
#49 /vendor/laravel/framework/src/Illuminate/Routing/Router.php:805
  
[2025-10-01 20:00:03] production.INFO: Model: App\Models\Organization
Relation: App\Models\Course
Num-Called: 2
Call-Stack:
#14 /vendor/laravel/framework/src/Illuminate/Support/Traits/ForwardsCalls.php:23
#15 /vendor/laravel/framework/src/Illuminate/Support/Traits/ForwardsCalls.php:52
#17 /storage/framework/views/b02e08a3b8cb98d0d60cc39df489feba.php:41
#19 /vendor/laravel/framework/src/Illuminate/Filesystem/Filesystem.php:124
#20 /vendor/laravel/framework/src/Illuminate/View/Engines/PhpEngine.php:58
#21 /vendor/laravel/framework/src/Illuminate/View/Engines/CompilerEngine.php:72
#22 /vendor/laravel/framework/src/Illuminate/View/View.php:207
#23 /vendor/laravel/framework/src/Illuminate/View/View.php:190
#24 /vendor/laravel/framework/src/Illuminate/View/View.php:159
#25 /vendor/laravel/framework/src/Illuminate/Http/Response.php:69
#26 /vendor/laravel/framework/src/Illuminate/Http/Response.php:35
#27 /vendor/laravel/framework/src/Illuminate/Routing/Router.php:918
#28 /vendor/laravel/framework/src/Illuminate/Routing/Router.php:885
#29 /vendor/laravel/framework/src/Illuminate/Routing/Router.php:805
#30 /vendor/laravel/framework/src/Illuminate/Pipeline/Pipeline.php:144
#31 /app/Http/Middleware/RedirectIfNotAdmin.php:22
#32 /vendor/laravel/framework/src/Illuminate/Pipeline/Pipeline.php:183
#33 /app/Http/Middleware/LanguageMiddleware.php:21
#34 /vendor/laravel/framework/src/Illuminate/Pipeline/Pipeline.php:183
#35 /vendor/laravel/framework/src/Illuminate/Routing/Middleware/SubstituteBindings.php:50
#36 /vendor/laravel/framework/src/Illuminate/Pipeline/Pipeline.php:183
#37 /vendor/laravel/framework/src/Illuminate/Foundation/Http/Middleware/VerifyCsrfToken.php:78
#38 /vendor/laravel/framework/src/Illuminate/Pipeline/Pipeline.php:183
#39 /vendor/laravel/framework/src/Illuminate/View/Middleware/ShareErrorsFromSession.php:49
#40 /vendor/laravel/framework/src/Illuminate/Pipeline/Pipeline.php:183
#41 /vendor/laravel/framework/src/Illuminate/Session/Middleware/StartSession.php:121
#42 /vendor/laravel/framework/src/Illuminate/Session/Middleware/StartSession.php:64
#43 /vendor/laravel/framework/src/Illuminate/Pipeline/Pipeline.php:183
#44 /vendor/laravel/framework/src/Illuminate/Cookie/Middleware/AddQueuedCookiesToResponse.php:37
#45 /vendor/laravel/framework/src/Illuminate/Pipeline/Pipeline.php:183
#46 /vendor/laravel/framework/src/Illuminate/Cookie/Middleware/EncryptCookies.php:67
#47 /vendor/laravel/framework/src/Illuminate/Pipeline/Pipeline.php:183
#48 /vendor/laravel/framework/src/Illuminate/Pipeline/Pipeline.php:119
#49 /vendor/laravel/framework/src/Illuminate/Routing/Router.php:805
  
[2025-10-01 20:00:03] production.INFO: Model: App\Models\Organization
Relation: App\Models\Course
Num-Called: 2
Call-Stack:
#14 /vendor/laravel/framework/src/Illuminate/Support/Traits/ForwardsCalls.php:23
#15 /vendor/laravel/framework/src/Illuminate/Support/Traits/ForwardsCalls.php:52
#17 /storage/framework/views/b02e08a3b8cb98d0d60cc39df489feba.php:42
#19 /vendor/laravel/framework/src/Illuminate/Filesystem/Filesystem.php:124
#20 /vendor/laravel/framework/src/Illuminate/View/Engines/PhpEngine.php:58
#21 /vendor/laravel/framework/src/Illuminate/View/Engines/CompilerEngine.php:72
#22 /vendor/laravel/framework/src/Illuminate/View/View.php:207
#23 /vendor/laravel/framework/src/Illuminate/View/View.php:190
#24 /vendor/laravel/framework/src/Illuminate/View/View.php:159
#25 /vendor/laravel/framework/src/Illuminate/Http/Response.php:69
#26 /vendor/laravel/framework/src/Illuminate/Http/Response.php:35
#27 /vendor/laravel/framework/src/Illuminate/Routing/Router.php:918
#28 /vendor/laravel/framework/src/Illuminate/Routing/Router.php:885
#29 /vendor/laravel/framework/src/Illuminate/Routing/Router.php:805
#30 /vendor/laravel/framework/src/Illuminate/Pipeline/Pipeline.php:144
#31 /app/Http/Middleware/RedirectIfNotAdmin.php:22
#32 /vendor/laravel/framework/src/Illuminate/Pipeline/Pipeline.php:183
#33 /app/Http/Middleware/LanguageMiddleware.php:21
#34 /vendor/laravel/framework/src/Illuminate/Pipeline/Pipeline.php:183
#35 /vendor/laravel/framework/src/Illuminate/Routing/Middleware/SubstituteBindings.php:50
#36 /vendor/laravel/framework/src/Illuminate/Pipeline/Pipeline.php:183
#37 /vendor/laravel/framework/src/Illuminate/Foundation/Http/Middleware/VerifyCsrfToken.php:78
#38 /vendor/laravel/framework/src/Illuminate/Pipeline/Pipeline.php:183
#39 /vendor/laravel/framework/src/Illuminate/View/Middleware/ShareErrorsFromSession.php:49
#40 /vendor/laravel/framework/src/Illuminate/Pipeline/Pipeline.php:183
#41 /vendor/laravel/framework/src/Illuminate/Session/Middleware/StartSession.php:121
#42 /vendor/laravel/framework/src/Illuminate/Session/Middleware/StartSession.php:64
#43 /vendor/laravel/framework/src/Illuminate/Pipeline/Pipeline.php:183
#44 /vendor/laravel/framework/src/Illuminate/Cookie/Middleware/AddQueuedCookiesToResponse.php:37
#45 /vendor/laravel/framework/src/Illuminate/Pipeline/Pipeline.php:183
#46 /vendor/laravel/framework/src/Illuminate/Cookie/Middleware/EncryptCookies.php:67
#47 /vendor/laravel/framework/src/Illuminate/Pipeline/Pipeline.php:183
#48 /vendor/laravel/framework/src/Illuminate/Pipeline/Pipeline.php:119
#49 /vendor/laravel/framework/src/Illuminate/Routing/Router.php:805
  
[2025-10-01 20:00:39] production.INFO: Detected N+1 Query  
[2025-10-01 20:00:39] production.INFO: Model: App\Models\Organization
Relation: App\Models\User
Num-Called: 6
Call-Stack:
#14 /vendor/laravel/framework/src/Illuminate/Support/Traits/ForwardsCalls.php:23
#15 /vendor/laravel/framework/src/Illuminate/Support/Traits/ForwardsCalls.php:52
#17 /storage/framework/views/b02e08a3b8cb98d0d60cc39df489feba.php:61
#19 /vendor/laravel/framework/src/Illuminate/Filesystem/Filesystem.php:124
#20 /vendor/laravel/framework/src/Illuminate/View/Engines/PhpEngine.php:58
#21 /vendor/laravel/framework/src/Illuminate/View/Engines/CompilerEngine.php:72
#22 /vendor/laravel/framework/src/Illuminate/View/View.php:207
#23 /vendor/laravel/framework/src/Illuminate/View/View.php:190
#24 /vendor/laravel/framework/src/Illuminate/View/View.php:159
#25 /vendor/laravel/framework/src/Illuminate/Http/Response.php:69
#26 /vendor/laravel/framework/src/Illuminate/Http/Response.php:35
#27 /vendor/laravel/framework/src/Illuminate/Routing/Router.php:918
#28 /vendor/laravel/framework/src/Illuminate/Routing/Router.php:885
#29 /vendor/laravel/framework/src/Illuminate/Routing/Router.php:805
#30 /vendor/laravel/framework/src/Illuminate/Pipeline/Pipeline.php:144
#31 /app/Http/Middleware/RedirectIfNotAdmin.php:22
#32 /vendor/laravel/framework/src/Illuminate/Pipeline/Pipeline.php:183
#33 /app/Http/Middleware/LanguageMiddleware.php:21
#34 /vendor/laravel/framework/src/Illuminate/Pipeline/Pipeline.php:183
#35 /vendor/laravel/framework/src/Illuminate/Routing/Middleware/SubstituteBindings.php:50
#36 /vendor/laravel/framework/src/Illuminate/Pipeline/Pipeline.php:183
#37 /vendor/laravel/framework/src/Illuminate/Foundation/Http/Middleware/VerifyCsrfToken.php:78
#38 /vendor/laravel/framework/src/Illuminate/Pipeline/Pipeline.php:183
#39 /vendor/laravel/framework/src/Illuminate/View/Middleware/ShareErrorsFromSession.php:49
#40 /vendor/laravel/framework/src/Illuminate/Pipeline/Pipeline.php:183
#41 /vendor/laravel/framework/src/Illuminate/Session/Middleware/StartSession.php:121
#42 /vendor/laravel/framework/src/Illuminate/Session/Middleware/StartSession.php:64
#43 /vendor/laravel/framework/src/Illuminate/Pipeline/Pipeline.php:183
#44 /vendor/laravel/framework/src/Illuminate/Cookie/Middleware/AddQueuedCookiesToResponse.php:37
#45 /vendor/laravel/framework/src/Illuminate/Pipeline/Pipeline.php:183
#46 /vendor/laravel/framework/src/Illuminate/Cookie/Middleware/EncryptCookies.php:67
#47 /vendor/laravel/framework/src/Illuminate/Pipeline/Pipeline.php:183
#48 /vendor/laravel/framework/src/Illuminate/Pipeline/Pipeline.php:119
#49 /vendor/laravel/framework/src/Illuminate/Routing/Router.php:805
  
[2025-10-01 20:00:39] production.INFO: Model: App\Models\Organization
Relation: App\Models\User
Num-Called: 3
Call-Stack:
#14 /vendor/laravel/framework/src/Illuminate/Support/Traits/ForwardsCalls.php:23
#15 /vendor/laravel/framework/src/Illuminate/Support/Traits/ForwardsCalls.php:52
#17 /storage/framework/views/b02e08a3b8cb98d0d60cc39df489feba.php:38
#19 /vendor/laravel/framework/src/Illuminate/Filesystem/Filesystem.php:124
#20 /vendor/laravel/framework/src/Illuminate/View/Engines/PhpEngine.php:58
#21 /vendor/laravel/framework/src/Illuminate/View/Engines/CompilerEngine.php:72
#22 /vendor/laravel/framework/src/Illuminate/View/View.php:207
#23 /vendor/laravel/framework/src/Illuminate/View/View.php:190
#24 /vendor/laravel/framework/src/Illuminate/View/View.php:159
#25 /vendor/laravel/framework/src/Illuminate/Http/Response.php:69
#26 /vendor/laravel/framework/src/Illuminate/Http/Response.php:35
#27 /vendor/laravel/framework/src/Illuminate/Routing/Router.php:918
#28 /vendor/laravel/framework/src/Illuminate/Routing/Router.php:885
#29 /vendor/laravel/framework/src/Illuminate/Routing/Router.php:805
#30 /vendor/laravel/framework/src/Illuminate/Pipeline/Pipeline.php:144
#31 /app/Http/Middleware/RedirectIfNotAdmin.php:22
#32 /vendor/laravel/framework/src/Illuminate/Pipeline/Pipeline.php:183
#33 /app/Http/Middleware/LanguageMiddleware.php:21
#34 /vendor/laravel/framework/src/Illuminate/Pipeline/Pipeline.php:183
#35 /vendor/laravel/framework/src/Illuminate/Routing/Middleware/SubstituteBindings.php:50
#36 /vendor/laravel/framework/src/Illuminate/Pipeline/Pipeline.php:183
#37 /vendor/laravel/framework/src/Illuminate/Foundation/Http/Middleware/VerifyCsrfToken.php:78
#38 /vendor/laravel/framework/src/Illuminate/Pipeline/Pipeline.php:183
#39 /vendor/laravel/framework/src/Illuminate/View/Middleware/ShareErrorsFromSession.php:49
#40 /vendor/laravel/framework/src/Illuminate/Pipeline/Pipeline.php:183
#41 /vendor/laravel/framework/src/Illuminate/Session/Middleware/StartSession.php:121
#42 /vendor/laravel/framework/src/Illuminate/Session/Middleware/StartSession.php:64
#43 /vendor/laravel/framework/src/Illuminate/Pipeline/Pipeline.php:183
#44 /vendor/laravel/framework/src/Illuminate/Cookie/Middleware/AddQueuedCookiesToResponse.php:37
#45 /vendor/laravel/framework/src/Illuminate/Pipeline/Pipeline.php:183
#46 /vendor/laravel/framework/src/Illuminate/Cookie/Middleware/EncryptCookies.php:67
#47 /vendor/laravel/framework/src/Illuminate/Pipeline/Pipeline.php:183
#48 /vendor/laravel/framework/src/Illuminate/Pipeline/Pipeline.php:119
#49 /vendor/laravel/framework/src/Illuminate/Routing/Router.php:805
  
[2025-10-01 20:00:39] production.INFO: Model: App\Models\Organization
Relation: App\Models\Course
Num-Called: 3
Call-Stack:
#14 /vendor/laravel/framework/src/Illuminate/Support/Traits/ForwardsCalls.php:23
#15 /vendor/laravel/framework/src/Illuminate/Support/Traits/ForwardsCalls.php:52
#17 /storage/framework/views/b02e08a3b8cb98d0d60cc39df489feba.php:41
#19 /vendor/laravel/framework/src/Illuminate/Filesystem/Filesystem.php:124
#20 /vendor/laravel/framework/src/Illuminate/View/Engines/PhpEngine.php:58
#21 /vendor/laravel/framework/src/Illuminate/View/Engines/CompilerEngine.php:72
#22 /vendor/laravel/framework/src/Illuminate/View/View.php:207
#23 /vendor/laravel/framework/src/Illuminate/View/View.php:190
#24 /vendor/laravel/framework/src/Illuminate/View/View.php:159
#25 /vendor/laravel/framework/src/Illuminate/Http/Response.php:69
#26 /vendor/laravel/framework/src/Illuminate/Http/Response.php:35
#27 /vendor/laravel/framework/src/Illuminate/Routing/Router.php:918
#28 /vendor/laravel/framework/src/Illuminate/Routing/Router.php:885
#29 /vendor/laravel/framework/src/Illuminate/Routing/Router.php:805
#30 /vendor/laravel/framework/src/Illuminate/Pipeline/Pipeline.php:144
#31 /app/Http/Middleware/RedirectIfNotAdmin.php:22
#32 /vendor/laravel/framework/src/Illuminate/Pipeline/Pipeline.php:183
#33 /app/Http/Middleware/LanguageMiddleware.php:21
#34 /vendor/laravel/framework/src/Illuminate/Pipeline/Pipeline.php:183
#35 /vendor/laravel/framework/src/Illuminate/Routing/Middleware/SubstituteBindings.php:50
#36 /vendor/laravel/framework/src/Illuminate/Pipeline/Pipeline.php:183
#37 /vendor/laravel/framework/src/Illuminate/Foundation/Http/Middleware/VerifyCsrfToken.php:78
#38 /vendor/laravel/framework/src/Illuminate/Pipeline/Pipeline.php:183
#39 /vendor/laravel/framework/src/Illuminate/View/Middleware/ShareErrorsFromSession.php:49
#40 /vendor/laravel/framework/src/Illuminate/Pipeline/Pipeline.php:183
#41 /vendor/laravel/framework/src/Illuminate/Session/Middleware/StartSession.php:121
#42 /vendor/laravel/framework/src/Illuminate/Session/Middleware/StartSession.php:64
#43 /vendor/laravel/framework/src/Illuminate/Pipeline/Pipeline.php:183
#44 /vendor/laravel/framework/src/Illuminate/Cookie/Middleware/AddQueuedCookiesToResponse.php:37
#45 /vendor/laravel/framework/src/Illuminate/Pipeline/Pipeline.php:183
#46 /vendor/laravel/framework/src/Illuminate/Cookie/Middleware/EncryptCookies.php:67
#47 /vendor/laravel/framework/src/Illuminate/Pipeline/Pipeline.php:183
#48 /vendor/laravel/framework/src/Illuminate/Pipeline/Pipeline.php:119
#49 /vendor/laravel/framework/src/Illuminate/Routing/Router.php:805
  
[2025-10-01 20:00:39] production.INFO: Model: App\Models\Organization
Relation: App\Models\Course
Num-Called: 3
Call-Stack:
#14 /vendor/laravel/framework/src/Illuminate/Support/Traits/ForwardsCalls.php:23
#15 /vendor/laravel/framework/src/Illuminate/Support/Traits/ForwardsCalls.php:52
#17 /storage/framework/views/b02e08a3b8cb98d0d60cc39df489feba.php:42
#19 /vendor/laravel/framework/src/Illuminate/Filesystem/Filesystem.php:124
#20 /vendor/laravel/framework/src/Illuminate/View/Engines/PhpEngine.php:58
#21 /vendor/laravel/framework/src/Illuminate/View/Engines/CompilerEngine.php:72
#22 /vendor/laravel/framework/src/Illuminate/View/View.php:207
#23 /vendor/laravel/framework/src/Illuminate/View/View.php:190
#24 /vendor/laravel/framework/src/Illuminate/View/View.php:159
#25 /vendor/laravel/framework/src/Illuminate/Http/Response.php:69
#26 /vendor/laravel/framework/src/Illuminate/Http/Response.php:35
#27 /vendor/laravel/framework/src/Illuminate/Routing/Router.php:918
#28 /vendor/laravel/framework/src/Illuminate/Routing/Router.php:885
#29 /vendor/laravel/framework/src/Illuminate/Routing/Router.php:805
#30 /vendor/laravel/framework/src/Illuminate/Pipeline/Pipeline.php:144
#31 /app/Http/Middleware/RedirectIfNotAdmin.php:22
#32 /vendor/laravel/framework/src/Illuminate/Pipeline/Pipeline.php:183
#33 /app/Http/Middleware/LanguageMiddleware.php:21
#34 /vendor/laravel/framework/src/Illuminate/Pipeline/Pipeline.php:183
#35 /vendor/laravel/framework/src/Illuminate/Routing/Middleware/SubstituteBindings.php:50
#36 /vendor/laravel/framework/src/Illuminate/Pipeline/Pipeline.php:183
#37 /vendor/laravel/framework/src/Illuminate/Foundation/Http/Middleware/VerifyCsrfToken.php:78
#38 /vendor/laravel/framework/src/Illuminate/Pipeline/Pipeline.php:183
#39 /vendor/laravel/framework/src/Illuminate/View/Middleware/ShareErrorsFromSession.php:49
#40 /vendor/laravel/framework/src/Illuminate/Pipeline/Pipeline.php:183
#41 /vendor/laravel/framework/src/Illuminate/Session/Middleware/StartSession.php:121
#42 /vendor/laravel/framework/src/Illuminate/Session/Middleware/StartSession.php:64
#43 /vendor/laravel/framework/src/Illuminate/Pipeline/Pipeline.php:183
#44 /vendor/laravel/framework/src/Illuminate/Cookie/Middleware/AddQueuedCookiesToResponse.php:37
#45 /vendor/laravel/framework/src/Illuminate/Pipeline/Pipeline.php:183
#46 /vendor/laravel/framework/src/Illuminate/Cookie/Middleware/EncryptCookies.php:67
#47 /vendor/laravel/framework/src/Illuminate/Pipeline/Pipeline.php:183
#48 /vendor/laravel/framework/src/Illuminate/Pipeline/Pipeline.php:119
#49 /vendor/laravel/framework/src/Illuminate/Routing/Router.php:805
  
[2025-10-01 20:03:06] production.INFO: Detected N+1 Query  
[2025-10-01 20:03:06] production.INFO: Model: App\Models\Organization
Relation: App\Models\User
Num-Called: 8
Call-Stack:
#14 /vendor/laravel/framework/src/Illuminate/Support/Traits/ForwardsCalls.php:23
#15 /vendor/laravel/framework/src/Illuminate/Support/Traits/ForwardsCalls.php:52
#17 /storage/framework/views/b02e08a3b8cb98d0d60cc39df489feba.php:61
#19 /vendor/laravel/framework/src/Illuminate/Filesystem/Filesystem.php:124
#20 /vendor/laravel/framework/src/Illuminate/View/Engines/PhpEngine.php:58
#21 /vendor/laravel/framework/src/Illuminate/View/Engines/CompilerEngine.php:72
#22 /vendor/laravel/framework/src/Illuminate/View/View.php:207
#23 /vendor/laravel/framework/src/Illuminate/View/View.php:190
#24 /vendor/laravel/framework/src/Illuminate/View/View.php:159
#25 /vendor/laravel/framework/src/Illuminate/Http/Response.php:69
#26 /vendor/laravel/framework/src/Illuminate/Http/Response.php:35
#27 /vendor/laravel/framework/src/Illuminate/Routing/Router.php:918
#28 /vendor/laravel/framework/src/Illuminate/Routing/Router.php:885
#29 /vendor/laravel/framework/src/Illuminate/Routing/Router.php:805
#30 /vendor/laravel/framework/src/Illuminate/Pipeline/Pipeline.php:144
#31 /app/Http/Middleware/RedirectIfNotAdmin.php:22
#32 /vendor/laravel/framework/src/Illuminate/Pipeline/Pipeline.php:183
#33 /app/Http/Middleware/LanguageMiddleware.php:21
#34 /vendor/laravel/framework/src/Illuminate/Pipeline/Pipeline.php:183
#35 /vendor/laravel/framework/src/Illuminate/Routing/Middleware/SubstituteBindings.php:50
#36 /vendor/laravel/framework/src/Illuminate/Pipeline/Pipeline.php:183
#37 /vendor/laravel/framework/src/Illuminate/Foundation/Http/Middleware/VerifyCsrfToken.php:78
#38 /vendor/laravel/framework/src/Illuminate/Pipeline/Pipeline.php:183
#39 /vendor/laravel/framework/src/Illuminate/View/Middleware/ShareErrorsFromSession.php:49
#40 /vendor/laravel/framework/src/Illuminate/Pipeline/Pipeline.php:183
#41 /vendor/laravel/framework/src/Illuminate/Session/Middleware/StartSession.php:121
#42 /vendor/laravel/framework/src/Illuminate/Session/Middleware/StartSession.php:64
#43 /vendor/laravel/framework/src/Illuminate/Pipeline/Pipeline.php:183
#44 /vendor/laravel/framework/src/Illuminate/Cookie/Middleware/AddQueuedCookiesToResponse.php:37
#45 /vendor/laravel/framework/src/Illuminate/Pipeline/Pipeline.php:183
#46 /vendor/laravel/framework/src/Illuminate/Cookie/Middleware/EncryptCookies.php:67
#47 /vendor/laravel/framework/src/Illuminate/Pipeline/Pipeline.php:183
#48 /vendor/laravel/framework/src/Illuminate/Pipeline/Pipeline.php:119
#49 /vendor/laravel/framework/src/Illuminate/Routing/Router.php:805
  
[2025-10-01 20:03:06] production.INFO: Model: App\Models\Organization
Relation: App\Models\User
Num-Called: 4
Call-Stack:
#14 /vendor/laravel/framework/src/Illuminate/Support/Traits/ForwardsCalls.php:23
#15 /vendor/laravel/framework/src/Illuminate/Support/Traits/ForwardsCalls.php:52
#17 /storage/framework/views/b02e08a3b8cb98d0d60cc39df489feba.php:38
#19 /vendor/laravel/framework/src/Illuminate/Filesystem/Filesystem.php:124
#20 /vendor/laravel/framework/src/Illuminate/View/Engines/PhpEngine.php:58
#21 /vendor/laravel/framework/src/Illuminate/View/Engines/CompilerEngine.php:72
#22 /vendor/laravel/framework/src/Illuminate/View/View.php:207
#23 /vendor/laravel/framework/src/Illuminate/View/View.php:190
#24 /vendor/laravel/framework/src/Illuminate/View/View.php:159
#25 /vendor/laravel/framework/src/Illuminate/Http/Response.php:69
#26 /vendor/laravel/framework/src/Illuminate/Http/Response.php:35
#27 /vendor/laravel/framework/src/Illuminate/Routing/Router.php:918
#28 /vendor/laravel/framework/src/Illuminate/Routing/Router.php:885
#29 /vendor/laravel/framework/src/Illuminate/Routing/Router.php:805
#30 /vendor/laravel/framework/src/Illuminate/Pipeline/Pipeline.php:144
#31 /app/Http/Middleware/RedirectIfNotAdmin.php:22
#32 /vendor/laravel/framework/src/Illuminate/Pipeline/Pipeline.php:183
#33 /app/Http/Middleware/LanguageMiddleware.php:21
#34 /vendor/laravel/framework/src/Illuminate/Pipeline/Pipeline.php:183
#35 /vendor/laravel/framework/src/Illuminate/Routing/Middleware/SubstituteBindings.php:50
#36 /vendor/laravel/framework/src/Illuminate/Pipeline/Pipeline.php:183
#37 /vendor/laravel/framework/src/Illuminate/Foundation/Http/Middleware/VerifyCsrfToken.php:78
#38 /vendor/laravel/framework/src/Illuminate/Pipeline/Pipeline.php:183
#39 /vendor/laravel/framework/src/Illuminate/View/Middleware/ShareErrorsFromSession.php:49
#40 /vendor/laravel/framework/src/Illuminate/Pipeline/Pipeline.php:183
#41 /vendor/laravel/framework/src/Illuminate/Session/Middleware/StartSession.php:121
#42 /vendor/laravel/framework/src/Illuminate/Session/Middleware/StartSession.php:64
#43 /vendor/laravel/framework/src/Illuminate/Pipeline/Pipeline.php:183
#44 /vendor/laravel/framework/src/Illuminate/Cookie/Middleware/AddQueuedCookiesToResponse.php:37
#45 /vendor/laravel/framework/src/Illuminate/Pipeline/Pipeline.php:183
#46 /vendor/laravel/framework/src/Illuminate/Cookie/Middleware/EncryptCookies.php:67
#47 /vendor/laravel/framework/src/Illuminate/Pipeline/Pipeline.php:183
#48 /vendor/laravel/framework/src/Illuminate/Pipeline/Pipeline.php:119
#49 /vendor/laravel/framework/src/Illuminate/Routing/Router.php:805
  
[2025-10-01 20:03:06] production.INFO: Model: App\Models\Organization
Relation: App\Models\Course
Num-Called: 4
Call-Stack:
#14 /vendor/laravel/framework/src/Illuminate/Support/Traits/ForwardsCalls.php:23
#15 /vendor/laravel/framework/src/Illuminate/Support/Traits/ForwardsCalls.php:52
#17 /storage/framework/views/b02e08a3b8cb98d0d60cc39df489feba.php:41
#19 /vendor/laravel/framework/src/Illuminate/Filesystem/Filesystem.php:124
#20 /vendor/laravel/framework/src/Illuminate/View/Engines/PhpEngine.php:58
#21 /vendor/laravel/framework/src/Illuminate/View/Engines/CompilerEngine.php:72
#22 /vendor/laravel/framework/src/Illuminate/View/View.php:207
#23 /vendor/laravel/framework/src/Illuminate/View/View.php:190
#24 /vendor/laravel/framework/src/Illuminate/View/View.php:159
#25 /vendor/laravel/framework/src/Illuminate/Http/Response.php:69
#26 /vendor/laravel/framework/src/Illuminate/Http/Response.php:35
#27 /vendor/laravel/framework/src/Illuminate/Routing/Router.php:918
#28 /vendor/laravel/framework/src/Illuminate/Routing/Router.php:885
#29 /vendor/laravel/framework/src/Illuminate/Routing/Router.php:805
#30 /vendor/laravel/framework/src/Illuminate/Pipeline/Pipeline.php:144
#31 /app/Http/Middleware/RedirectIfNotAdmin.php:22
#32 /vendor/laravel/framework/src/Illuminate/Pipeline/Pipeline.php:183
#33 /app/Http/Middleware/LanguageMiddleware.php:21
#34 /vendor/laravel/framework/src/Illuminate/Pipeline/Pipeline.php:183
#35 /vendor/laravel/framework/src/Illuminate/Routing/Middleware/SubstituteBindings.php:50
#36 /vendor/laravel/framework/src/Illuminate/Pipeline/Pipeline.php:183
#37 /vendor/laravel/framework/src/Illuminate/Foundation/Http/Middleware/VerifyCsrfToken.php:78
#38 /vendor/laravel/framework/src/Illuminate/Pipeline/Pipeline.php:183
#39 /vendor/laravel/framework/src/Illuminate/View/Middleware/ShareErrorsFromSession.php:49
#40 /vendor/laravel/framework/src/Illuminate/Pipeline/Pipeline.php:183
#41 /vendor/laravel/framework/src/Illuminate/Session/Middleware/StartSession.php:121
#42 /vendor/laravel/framework/src/Illuminate/Session/Middleware/StartSession.php:64
#43 /vendor/laravel/framework/src/Illuminate/Pipeline/Pipeline.php:183
#44 /vendor/laravel/framework/src/Illuminate/Cookie/Middleware/AddQueuedCookiesToResponse.php:37
#45 /vendor/laravel/framework/src/Illuminate/Pipeline/Pipeline.php:183
#46 /vendor/laravel/framework/src/Illuminate/Cookie/Middleware/EncryptCookies.php:67
#47 /vendor/laravel/framework/src/Illuminate/Pipeline/Pipeline.php:183
#48 /vendor/laravel/framework/src/Illuminate/Pipeline/Pipeline.php:119
#49 /vendor/laravel/framework/src/Illuminate/Routing/Router.php:805
  
[2025-10-01 20:03:06] production.INFO: Model: App\Models\Organization
Relation: App\Models\Course
Num-Called: 4
Call-Stack:
#14 /vendor/laravel/framework/src/Illuminate/Support/Traits/ForwardsCalls.php:23
#15 /vendor/laravel/framework/src/Illuminate/Support/Traits/ForwardsCalls.php:52
#17 /storage/framework/views/b02e08a3b8cb98d0d60cc39df489feba.php:42
#19 /vendor/laravel/framework/src/Illuminate/Filesystem/Filesystem.php:124
#20 /vendor/laravel/framework/src/Illuminate/View/Engines/PhpEngine.php:58
#21 /vendor/laravel/framework/src/Illuminate/View/Engines/CompilerEngine.php:72
#22 /vendor/laravel/framework/src/Illuminate/View/View.php:207
#23 /vendor/laravel/framework/src/Illuminate/View/View.php:190
#24 /vendor/laravel/framework/src/Illuminate/View/View.php:159
#25 /vendor/laravel/framework/src/Illuminate/Http/Response.php:69
#26 /vendor/laravel/framework/src/Illuminate/Http/Response.php:35
#27 /vendor/laravel/framework/src/Illuminate/Routing/Router.php:918
#28 /vendor/laravel/framework/src/Illuminate/Routing/Router.php:885
#29 /vendor/laravel/framework/src/Illuminate/Routing/Router.php:805
#30 /vendor/laravel/framework/src/Illuminate/Pipeline/Pipeline.php:144
#31 /app/Http/Middleware/RedirectIfNotAdmin.php:22
#32 /vendor/laravel/framework/src/Illuminate/Pipeline/Pipeline.php:183
#33 /app/Http/Middleware/LanguageMiddleware.php:21
#34 /vendor/laravel/framework/src/Illuminate/Pipeline/Pipeline.php:183
#35 /vendor/laravel/framework/src/Illuminate/Routing/Middleware/SubstituteBindings.php:50
#36 /vendor/laravel/framework/src/Illuminate/Pipeline/Pipeline.php:183
#37 /vendor/laravel/framework/src/Illuminate/Foundation/Http/Middleware/VerifyCsrfToken.php:78
#38 /vendor/laravel/framework/src/Illuminate/Pipeline/Pipeline.php:183
#39 /vendor/laravel/framework/src/Illuminate/View/Middleware/ShareErrorsFromSession.php:49
#40 /vendor/laravel/framework/src/Illuminate/Pipeline/Pipeline.php:183
#41 /vendor/laravel/framework/src/Illuminate/Session/Middleware/StartSession.php:121
#42 /vendor/laravel/framework/src/Illuminate/Session/Middleware/StartSession.php:64
#43 /vendor/laravel/framework/src/Illuminate/Pipeline/Pipeline.php:183
#44 /vendor/laravel/framework/src/Illuminate/Cookie/Middleware/AddQueuedCookiesToResponse.php:37
#45 /vendor/laravel/framework/src/Illuminate/Pipeline/Pipeline.php:183
#46 /vendor/laravel/framework/src/Illuminate/Cookie/Middleware/EncryptCookies.php:67
#47 /vendor/laravel/framework/src/Illuminate/Pipeline/Pipeline.php:183
#48 /vendor/laravel/framework/src/Illuminate/Pipeline/Pipeline.php:119
#49 /vendor/laravel/framework/src/Illuminate/Routing/Router.php:805
  
[2025-10-01 20:04:44] production.INFO: Detected N+1 Query  
[2025-10-01 20:04:44] production.INFO: Model: App\Models\Organization
Relation: App\Models\User
Num-Called: 10
Call-Stack:
#14 /vendor/laravel/framework/src/Illuminate/Support/Traits/ForwardsCalls.php:23
#15 /vendor/laravel/framework/src/Illuminate/Support/Traits/ForwardsCalls.php:52
#17 /storage/framework/views/b02e08a3b8cb98d0d60cc39df489feba.php:61
#19 /vendor/laravel/framework/src/Illuminate/Filesystem/Filesystem.php:124
#20 /vendor/laravel/framework/src/Illuminate/View/Engines/PhpEngine.php:58
#21 /vendor/laravel/framework/src/Illuminate/View/Engines/CompilerEngine.php:72
#22 /vendor/laravel/framework/src/Illuminate/View/View.php:207
#23 /vendor/laravel/framework/src/Illuminate/View/View.php:190
#24 /vendor/laravel/framework/src/Illuminate/View/View.php:159
#25 /vendor/laravel/framework/src/Illuminate/Http/Response.php:69
#26 /vendor/laravel/framework/src/Illuminate/Http/Response.php:35
#27 /vendor/laravel/framework/src/Illuminate/Routing/Router.php:918
#28 /vendor/laravel/framework/src/Illuminate/Routing/Router.php:885
#29 /vendor/laravel/framework/src/Illuminate/Routing/Router.php:805
#30 /vendor/laravel/framework/src/Illuminate/Pipeline/Pipeline.php:144
#31 /app/Http/Middleware/RedirectIfNotAdmin.php:22
#32 /vendor/laravel/framework/src/Illuminate/Pipeline/Pipeline.php:183
#33 /app/Http/Middleware/LanguageMiddleware.php:21
#34 /vendor/laravel/framework/src/Illuminate/Pipeline/Pipeline.php:183
#35 /vendor/laravel/framework/src/Illuminate/Routing/Middleware/SubstituteBindings.php:50
#36 /vendor/laravel/framework/src/Illuminate/Pipeline/Pipeline.php:183
#37 /vendor/laravel/framework/src/Illuminate/Foundation/Http/Middleware/VerifyCsrfToken.php:78
#38 /vendor/laravel/framework/src/Illuminate/Pipeline/Pipeline.php:183
#39 /vendor/laravel/framework/src/Illuminate/View/Middleware/ShareErrorsFromSession.php:49
#40 /vendor/laravel/framework/src/Illuminate/Pipeline/Pipeline.php:183
#41 /vendor/laravel/framework/src/Illuminate/Session/Middleware/StartSession.php:121
#42 /vendor/laravel/framework/src/Illuminate/Session/Middleware/StartSession.php:64
#43 /vendor/laravel/framework/src/Illuminate/Pipeline/Pipeline.php:183
#44 /vendor/laravel/framework/src/Illuminate/Cookie/Middleware/AddQueuedCookiesToResponse.php:37
#45 /vendor/laravel/framework/src/Illuminate/Pipeline/Pipeline.php:183
#46 /vendor/laravel/framework/src/Illuminate/Cookie/Middleware/EncryptCookies.php:67
#47 /vendor/laravel/framework/src/Illuminate/Pipeline/Pipeline.php:183
#48 /vendor/laravel/framework/src/Illuminate/Pipeline/Pipeline.php:119
#49 /vendor/laravel/framework/src/Illuminate/Routing/Router.php:805
  
[2025-10-01 20:04:44] production.INFO: Model: App\Models\Organization
Relation: App\Models\User
Num-Called: 5
Call-Stack:
#14 /vendor/laravel/framework/src/Illuminate/Support/Traits/ForwardsCalls.php:23
#15 /vendor/laravel/framework/src/Illuminate/Support/Traits/ForwardsCalls.php:52
#17 /storage/framework/views/b02e08a3b8cb98d0d60cc39df489feba.php:38
#19 /vendor/laravel/framework/src/Illuminate/Filesystem/Filesystem.php:124
#20 /vendor/laravel/framework/src/Illuminate/View/Engines/PhpEngine.php:58
#21 /vendor/laravel/framework/src/Illuminate/View/Engines/CompilerEngine.php:72
#22 /vendor/laravel/framework/src/Illuminate/View/View.php:207
#23 /vendor/laravel/framework/src/Illuminate/View/View.php:190
#24 /vendor/laravel/framework/src/Illuminate/View/View.php:159
#25 /vendor/laravel/framework/src/Illuminate/Http/Response.php:69
#26 /vendor/laravel/framework/src/Illuminate/Http/Response.php:35
#27 /vendor/laravel/framework/src/Illuminate/Routing/Router.php:918
#28 /vendor/laravel/framework/src/Illuminate/Routing/Router.php:885
#29 /vendor/laravel/framework/src/Illuminate/Routing/Router.php:805
#30 /vendor/laravel/framework/src/Illuminate/Pipeline/Pipeline.php:144
#31 /app/Http/Middleware/RedirectIfNotAdmin.php:22
#32 /vendor/laravel/framework/src/Illuminate/Pipeline/Pipeline.php:183
#33 /app/Http/Middleware/LanguageMiddleware.php:21
#34 /vendor/laravel/framework/src/Illuminate/Pipeline/Pipeline.php:183
#35 /vendor/laravel/framework/src/Illuminate/Routing/Middleware/SubstituteBindings.php:50
#36 /vendor/laravel/framework/src/Illuminate/Pipeline/Pipeline.php:183
#37 /vendor/laravel/framework/src/Illuminate/Foundation/Http/Middleware/VerifyCsrfToken.php:78
#38 /vendor/laravel/framework/src/Illuminate/Pipeline/Pipeline.php:183
#39 /vendor/laravel/framework/src/Illuminate/View/Middleware/ShareErrorsFromSession.php:49
#40 /vendor/laravel/framework/src/Illuminate/Pipeline/Pipeline.php:183
#41 /vendor/laravel/framework/src/Illuminate/Session/Middleware/StartSession.php:121
#42 /vendor/laravel/framework/src/Illuminate/Session/Middleware/StartSession.php:64
#43 /vendor/laravel/framework/src/Illuminate/Pipeline/Pipeline.php:183
#44 /vendor/laravel/framework/src/Illuminate/Cookie/Middleware/AddQueuedCookiesToResponse.php:37
#45 /vendor/laravel/framework/src/Illuminate/Pipeline/Pipeline.php:183
#46 /vendor/laravel/framework/src/Illuminate/Cookie/Middleware/EncryptCookies.php:67
#47 /vendor/laravel/framework/src/Illuminate/Pipeline/Pipeline.php:183
#48 /vendor/laravel/framework/src/Illuminate/Pipeline/Pipeline.php:119
#49 /vendor/laravel/framework/src/Illuminate/Routing/Router.php:805
  
[2025-10-01 20:04:44] production.INFO: Model: App\Models\Organization
Relation: App\Models\Course
Num-Called: 5
Call-Stack:
#14 /vendor/laravel/framework/src/Illuminate/Support/Traits/ForwardsCalls.php:23
#15 /vendor/laravel/framework/src/Illuminate/Support/Traits/ForwardsCalls.php:52
#17 /storage/framework/views/b02e08a3b8cb98d0d60cc39df489feba.php:41
#19 /vendor/laravel/framework/src/Illuminate/Filesystem/Filesystem.php:124
#20 /vendor/laravel/framework/src/Illuminate/View/Engines/PhpEngine.php:58
#21 /vendor/laravel/framework/src/Illuminate/View/Engines/CompilerEngine.php:72
#22 /vendor/laravel/framework/src/Illuminate/View/View.php:207
#23 /vendor/laravel/framework/src/Illuminate/View/View.php:190
#24 /vendor/laravel/framework/src/Illuminate/View/View.php:159
#25 /vendor/laravel/framework/src/Illuminate/Http/Response.php:69
#26 /vendor/laravel/framework/src/Illuminate/Http/Response.php:35
#27 /vendor/laravel/framework/src/Illuminate/Routing/Router.php:918
#28 /vendor/laravel/framework/src/Illuminate/Routing/Router.php:885
#29 /vendor/laravel/framework/src/Illuminate/Routing/Router.php:805
#30 /vendor/laravel/framework/src/Illuminate/Pipeline/Pipeline.php:144
#31 /app/Http/Middleware/RedirectIfNotAdmin.php:22
#32 /vendor/laravel/framework/src/Illuminate/Pipeline/Pipeline.php:183
#33 /app/Http/Middleware/LanguageMiddleware.php:21
#34 /vendor/laravel/framework/src/Illuminate/Pipeline/Pipeline.php:183
#35 /vendor/laravel/framework/src/Illuminate/Routing/Middleware/SubstituteBindings.php:50
#36 /vendor/laravel/framework/src/Illuminate/Pipeline/Pipeline.php:183
#37 /vendor/laravel/framework/src/Illuminate/Foundation/Http/Middleware/VerifyCsrfToken.php:78
#38 /vendor/laravel/framework/src/Illuminate/Pipeline/Pipeline.php:183
#39 /vendor/laravel/framework/src/Illuminate/View/Middleware/ShareErrorsFromSession.php:49
#40 /vendor/laravel/framework/src/Illuminate/Pipeline/Pipeline.php:183
#41 /vendor/laravel/framework/src/Illuminate/Session/Middleware/StartSession.php:121
#42 /vendor/laravel/framework/src/Illuminate/Session/Middleware/StartSession.php:64
#43 /vendor/laravel/framework/src/Illuminate/Pipeline/Pipeline.php:183
#44 /vendor/laravel/framework/src/Illuminate/Cookie/Middleware/AddQueuedCookiesToResponse.php:37
#45 /vendor/laravel/framework/src/Illuminate/Pipeline/Pipeline.php:183
#46 /vendor/laravel/framework/src/Illuminate/Cookie/Middleware/EncryptCookies.php:67
#47 /vendor/laravel/framework/src/Illuminate/Pipeline/Pipeline.php:183
#48 /vendor/laravel/framework/src/Illuminate/Pipeline/Pipeline.php:119
#49 /vendor/laravel/framework/src/Illuminate/Routing/Router.php:805
  
[2025-10-01 20:04:44] production.INFO: Model: App\Models\Organization
Relation: App\Models\Course
Num-Called: 5
Call-Stack:
#14 /vendor/laravel/framework/src/Illuminate/Support/Traits/ForwardsCalls.php:23
#15 /vendor/laravel/framework/src/Illuminate/Support/Traits/ForwardsCalls.php:52
#17 /storage/framework/views/b02e08a3b8cb98d0d60cc39df489feba.php:42
#19 /vendor/laravel/framework/src/Illuminate/Filesystem/Filesystem.php:124
#20 /vendor/laravel/framework/src/Illuminate/View/Engines/PhpEngine.php:58
#21 /vendor/laravel/framework/src/Illuminate/View/Engines/CompilerEngine.php:72
#22 /vendor/laravel/framework/src/Illuminate/View/View.php:207
#23 /vendor/laravel/framework/src/Illuminate/View/View.php:190
#24 /vendor/laravel/framework/src/Illuminate/View/View.php:159
#25 /vendor/laravel/framework/src/Illuminate/Http/Response.php:69
#26 /vendor/laravel/framework/src/Illuminate/Http/Response.php:35
#27 /vendor/laravel/framework/src/Illuminate/Routing/Router.php:918
#28 /vendor/laravel/framework/src/Illuminate/Routing/Router.php:885
#29 /vendor/laravel/framework/src/Illuminate/Routing/Router.php:805
#30 /vendor/laravel/framework/src/Illuminate/Pipeline/Pipeline.php:144
#31 /app/Http/Middleware/RedirectIfNotAdmin.php:22
#32 /vendor/laravel/framework/src/Illuminate/Pipeline/Pipeline.php:183
#33 /app/Http/Middleware/LanguageMiddleware.php:21
#34 /vendor/laravel/framework/src/Illuminate/Pipeline/Pipeline.php:183
#35 /vendor/laravel/framework/src/Illuminate/Routing/Middleware/SubstituteBindings.php:50
#36 /vendor/laravel/framework/src/Illuminate/Pipeline/Pipeline.php:183
#37 /vendor/laravel/framework/src/Illuminate/Foundation/Http/Middleware/VerifyCsrfToken.php:78
#38 /vendor/laravel/framework/src/Illuminate/Pipeline/Pipeline.php:183
#39 /vendor/laravel/framework/src/Illuminate/View/Middleware/ShareErrorsFromSession.php:49
#40 /vendor/laravel/framework/src/Illuminate/Pipeline/Pipeline.php:183
#41 /vendor/laravel/framework/src/Illuminate/Session/Middleware/StartSession.php:121
#42 /vendor/laravel/framework/src/Illuminate/Session/Middleware/StartSession.php:64
#43 /vendor/laravel/framework/src/Illuminate/Pipeline/Pipeline.php:183
#44 /vendor/laravel/framework/src/Illuminate/Cookie/Middleware/AddQueuedCookiesToResponse.php:37
#45 /vendor/laravel/framework/src/Illuminate/Pipeline/Pipeline.php:183
#46 /vendor/laravel/framework/src/Illuminate/Cookie/Middleware/EncryptCookies.php:67
#47 /vendor/laravel/framework/src/Illuminate/Pipeline/Pipeline.php:183
#48 /vendor/laravel/framework/src/Illuminate/Pipeline/Pipeline.php:119
#49 /vendor/laravel/framework/src/Illuminate/Routing/Router.php:805
  
